2016-04-30 15:55:53.046  INFO 9994 --- [de.klinger.adw.JRegatta.main()] de.klinger.adw.JRegatta                  : Starting JRegatta on Lino with PID 9994 (/home/rklinger/git/JRegatta/target/classes started by rklinger in /home/rklinger/git/JRegatta)
2016-04-30 15:55:53.068  INFO 9994 --- [de.klinger.adw.JRegatta.main()] de.klinger.adw.JRegatta                  : No active profile set, falling back to default profiles: default
2016-04-30 15:55:53.311  INFO 9994 --- [de.klinger.adw.JRegatta.main()] ationConfigEmbeddedWebApplicationContext : Refreshing org.springframework.boot.context.embedded.AnnotationConfigEmbeddedWebApplicationContext@1ce65437: startup date [Sat Apr 30 15:55:53 CEST 2016]; root of context hierarchy
2016-04-30 15:55:56.224  INFO 9994 --- [de.klinger.adw.JRegatta.main()] o.s.b.f.s.DefaultListableBeanFactory     : Overriding bean definition for bean 'beanNameViewResolver' with a different definition: replacing [Root bean: class [null]; scope=; abstract=false; lazyInit=false; autowireMode=3; dependencyCheck=0; autowireCandidate=true; primary=false; factoryBeanName=org.springframework.boot.autoconfigure.web.ErrorMvcAutoConfiguration$WhitelabelErrorViewConfiguration; factoryMethodName=beanNameViewResolver; initMethodName=null; destroyMethodName=(inferred); defined in class path resource [org/springframework/boot/autoconfigure/web/ErrorMvcAutoConfiguration$WhitelabelErrorViewConfiguration.class]] with [Root bean: class [null]; scope=; abstract=false; lazyInit=false; autowireMode=3; dependencyCheck=0; autowireCandidate=true; primary=false; factoryBeanName=org.springframework.boot.autoconfigure.web.WebMvcAutoConfiguration$WebMvcAutoConfigurationAdapter; factoryMethodName=beanNameViewResolver; initMethodName=null; destroyMethodName=(inferred); defined in class path resource [org/springframework/boot/autoconfigure/web/WebMvcAutoConfiguration$WebMvcAutoConfigurationAdapter.class]]
2016-04-30 15:55:57.374  INFO 9994 --- [de.klinger.adw.JRegatta.main()] trationDelegate$BeanPostProcessorChecker : Bean 'org.springframework.transaction.annotation.ProxyTransactionManagementConfiguration' of type [class org.springframework.transaction.annotation.ProxyTransactionManagementConfiguration$$EnhancerBySpringCGLIB$$e392bca8] is not eligible for getting processed by all BeanPostProcessors (for example: not eligible for auto-proxying)
2016-04-30 15:55:58.663  INFO 9994 --- [de.klinger.adw.JRegatta.main()] s.b.c.e.t.TomcatEmbeddedServletContainer : Tomcat initialized with port(s): 8080 (http)
2016-04-30 15:55:58.696  INFO 9994 --- [de.klinger.adw.JRegatta.main()] o.apache.catalina.core.StandardService   : Starting service Tomcat
2016-04-30 15:55:58.699  INFO 9994 --- [de.klinger.adw.JRegatta.main()] org.apache.catalina.core.StandardEngine  : Starting Servlet Engine: Apache Tomcat/8.0.32
2016-04-30 15:55:58.939  INFO 9994 --- [localhost-startStop-1] o.a.c.c.C.[Tomcat].[localhost].[/]       : Initializing Spring embedded WebApplicationContext
2016-04-30 15:55:58.940  INFO 9994 --- [localhost-startStop-1] o.s.web.context.ContextLoader            : Root WebApplicationContext: initialization completed in 5647 ms
2016-04-30 15:56:00.004  INFO 9994 --- [localhost-startStop-1] o.s.b.c.e.ServletRegistrationBean        : Mapping servlet: 'dispatcherServlet' to [/]
2016-04-30 15:56:00.009  INFO 9994 --- [localhost-startStop-1] o.s.b.c.e.ServletRegistrationBean        : Mapping servlet: 'webServlet' to [/h2-console/*]
2016-04-30 15:56:00.036  INFO 9994 --- [localhost-startStop-1] o.s.b.c.embedded.FilterRegistrationBean  : Mapping filter: 'characterEncodingFilter' to: [/*]
2016-04-30 15:56:00.041  INFO 9994 --- [localhost-startStop-1] o.s.b.c.embedded.FilterRegistrationBean  : Mapping filter: 'hiddenHttpMethodFilter' to: [/*]
2016-04-30 15:56:00.044  INFO 9994 --- [localhost-startStop-1] o.s.b.c.embedded.FilterRegistrationBean  : Mapping filter: 'httpPutFormContentFilter' to: [/*]
2016-04-30 15:56:00.045  INFO 9994 --- [localhost-startStop-1] o.s.b.c.embedded.FilterRegistrationBean  : Mapping filter: 'requestContextFilter' to: [/*]
2016-04-30 15:56:00.738  INFO 9994 --- [de.klinger.adw.JRegatta.main()] o.f.core.internal.util.VersionPrinter    : Flyway 3.2.1 by Boxfuse
2016-04-30 15:56:01.151  INFO 9994 --- [de.klinger.adw.JRegatta.main()] o.f.c.i.dbsupport.DbSupportFactory       : Database: jdbc:h2:./jregatta (H2 1.4)
2016-04-30 15:56:01.279  INFO 9994 --- [de.klinger.adw.JRegatta.main()] o.f.core.internal.command.DbValidate     : Validated 3 migrations (execution time 00:00.092s)
2016-04-30 15:56:01.298  INFO 9994 --- [de.klinger.adw.JRegatta.main()] o.f.core.internal.command.DbSchemas      : Creating schema "JREGATTA" ...
2016-04-30 15:56:01.321  INFO 9994 --- [de.klinger.adw.JRegatta.main()] o.f.c.i.metadatatable.MetaDataTableImpl  : Creating Metadata table: "JREGATTA"."schema_version"
2016-04-30 15:56:01.468  INFO 9994 --- [de.klinger.adw.JRegatta.main()] o.f.core.internal.command.DbMigrate      : Current version of schema "JREGATTA": 0
2016-04-30 15:56:01.469  INFO 9994 --- [de.klinger.adw.JRegatta.main()] o.f.core.internal.command.DbMigrate      : Migrating schema "JREGATTA" to version 0.0.1 - create
2016-04-30 15:56:01.507  INFO 9994 --- [de.klinger.adw.JRegatta.main()] o.f.core.internal.command.DbMigrate      : Migrating schema "JREGATTA" to version 0.0.2 - create
2016-04-30 15:56:01.622  INFO 9994 --- [de.klinger.adw.JRegatta.main()] o.f.core.internal.command.DbMigrate      : Migrating schema "JREGATTA" to version 1 - init
2016-04-30 15:56:01.661  INFO 9994 --- [de.klinger.adw.JRegatta.main()] o.f.core.internal.command.DbMigrate      : Successfully applied 3 migrations to schema "JREGATTA" (execution time 00:00.220s).
2016-04-30 15:56:01.861  INFO 9994 --- [de.klinger.adw.JRegatta.main()] j.LocalContainerEntityManagerFactoryBean : Building JPA container EntityManagerFactory for persistence unit 'default'
2016-04-30 15:56:01.895  INFO 9994 --- [de.klinger.adw.JRegatta.main()] o.hibernate.jpa.internal.util.LogHelper  : HHH000204: Processing PersistenceUnitInfo [
	name: default
	...]
2016-04-30 15:56:02.084  INFO 9994 --- [de.klinger.adw.JRegatta.main()] org.hibernate.Version                    : HHH000412: Hibernate Core {4.3.11.Final}
2016-04-30 15:56:02.088  INFO 9994 --- [de.klinger.adw.JRegatta.main()] org.hibernate.cfg.Environment            : HHH000206: hibernate.properties not found
2016-04-30 15:56:02.091  INFO 9994 --- [de.klinger.adw.JRegatta.main()] org.hibernate.cfg.Environment            : HHH000021: Bytecode provider name : javassist
2016-04-30 15:56:02.627  INFO 9994 --- [de.klinger.adw.JRegatta.main()] o.hibernate.annotations.common.Version   : HCANN000001: Hibernate Commons Annotations {4.0.5.Final}
2016-04-30 15:56:02.771  INFO 9994 --- [de.klinger.adw.JRegatta.main()] org.hibernate.dialect.Dialect            : HHH000400: Using dialect: org.hibernate.dialect.H2Dialect
2016-04-30 15:56:03.188  INFO 9994 --- [de.klinger.adw.JRegatta.main()] o.h.h.i.ast.ASTQueryTranslatorFactory    : HHH000397: Using ASTQueryTranslatorFactory
2016-04-30 15:56:05.940  INFO 9994 --- [de.klinger.adw.JRegatta.main()] s.w.s.m.m.a.RequestMappingHandlerAdapter : Looking for @ControllerAdvice: org.springframework.boot.context.embedded.AnnotationConfigEmbeddedWebApplicationContext@1ce65437: startup date [Sat Apr 30 15:55:53 CEST 2016]; root of context hierarchy
2016-04-30 15:56:06.120  INFO 9994 --- [de.klinger.adw.JRegatta.main()] s.w.s.m.m.a.RequestMappingHandlerMapping : Mapped "{[/clubs/{id}],methods=[GET]}" onto public de.klinger.adw.domain.Club de.klinger.adw.controller.ClubController.getOne(java.lang.String)
2016-04-30 15:56:06.123  INFO 9994 --- [de.klinger.adw.JRegatta.main()] s.w.s.m.m.a.RequestMappingHandlerMapping : Mapped "{[/clubs],methods=[GET]}" onto public java.util.List<de.klinger.adw.domain.Club> de.klinger.adw.controller.ClubController.getAll()
2016-04-30 15:56:06.124  INFO 9994 --- [de.klinger.adw.JRegatta.main()] s.w.s.m.m.a.RequestMappingHandlerMapping : Mapped "{[/clubs/{id}],methods=[PUT]}" onto public de.klinger.adw.domain.Club de.klinger.adw.controller.ClubController.update(java.lang.String,de.klinger.adw.domain.Club)
2016-04-30 15:56:06.125  INFO 9994 --- [de.klinger.adw.JRegatta.main()] s.w.s.m.m.a.RequestMappingHandlerMapping : Mapped "{[/clubs/{id}],methods=[DELETE]}" onto public void de.klinger.adw.controller.ClubController.delete(java.lang.String)
2016-04-30 15:56:06.130  INFO 9994 --- [de.klinger.adw.JRegatta.main()] s.w.s.m.m.a.RequestMappingHandlerMapping : Mapped "{[/clubs],methods=[POST]}" onto public de.klinger.adw.domain.Club de.klinger.adw.controller.ClubController.create(de.klinger.adw.domain.Club)
2016-04-30 15:56:06.157  INFO 9994 --- [de.klinger.adw.JRegatta.main()] s.w.s.m.m.a.RequestMappingHandlerMapping : Mapped "{[/skippers/{id}],methods=[GET]}" onto public de.klinger.adw.domain.Skipper de.klinger.adw.controller.SkipperController.getOne(java.lang.String)
2016-04-30 15:56:06.158  INFO 9994 --- [de.klinger.adw.JRegatta.main()] s.w.s.m.m.a.RequestMappingHandlerMapping : Mapped "{[/skippers],methods=[GET]}" onto public java.util.List<de.klinger.adw.domain.Skipper> de.klinger.adw.controller.SkipperController.getAll()
2016-04-30 15:56:06.159  INFO 9994 --- [de.klinger.adw.JRegatta.main()] s.w.s.m.m.a.RequestMappingHandlerMapping : Mapped "{[/skippers/{id}],methods=[PUT]}" onto public de.klinger.adw.domain.Skipper de.klinger.adw.controller.SkipperController.update(java.lang.String,de.klinger.adw.domain.Skipper)
2016-04-30 15:56:06.160  INFO 9994 --- [de.klinger.adw.JRegatta.main()] s.w.s.m.m.a.RequestMappingHandlerMapping : Mapped "{[/skippers/{id}],methods=[DELETE]}" onto public void de.klinger.adw.controller.SkipperController.delete(java.lang.String)
2016-04-30 15:56:06.160  INFO 9994 --- [de.klinger.adw.JRegatta.main()] s.w.s.m.m.a.RequestMappingHandlerMapping : Mapped "{[/skippers],methods=[POST]}" onto public de.klinger.adw.domain.Skipper de.klinger.adw.controller.SkipperController.create(de.klinger.adw.domain.Skipper)
2016-04-30 15:56:06.164  INFO 9994 --- [de.klinger.adw.JRegatta.main()] s.w.s.m.m.a.RequestMappingHandlerMapping : Mapped "{[/races/{id}],methods=[GET]}" onto public de.klinger.adw.domain.Race de.klinger.adw.controller.RaceController.getOne(java.lang.String)
2016-04-30 15:56:06.166  INFO 9994 --- [de.klinger.adw.JRegatta.main()] s.w.s.m.m.a.RequestMappingHandlerMapping : Mapped "{[/races],methods=[GET]}" onto public java.util.List<de.klinger.adw.domain.Race> de.klinger.adw.controller.RaceController.getAll()
2016-04-30 15:56:06.169  INFO 9994 --- [de.klinger.adw.JRegatta.main()] s.w.s.m.m.a.RequestMappingHandlerMapping : Mapped "{[/races/{id}],methods=[PUT]}" onto public de.klinger.adw.domain.Race de.klinger.adw.controller.RaceController.update(java.lang.String,de.klinger.adw.domain.Race)
2016-04-30 15:56:06.170  INFO 9994 --- [de.klinger.adw.JRegatta.main()] s.w.s.m.m.a.RequestMappingHandlerMapping : Mapped "{[/races/{id}],methods=[DELETE]}" onto public void de.klinger.adw.controller.RaceController.delete(java.lang.String)
2016-04-30 15:56:06.171  INFO 9994 --- [de.klinger.adw.JRegatta.main()] s.w.s.m.m.a.RequestMappingHandlerMapping : Mapped "{[/races],methods=[POST]}" onto public de.klinger.adw.domain.Race de.klinger.adw.controller.RaceController.create(de.klinger.adw.domain.Race)
2016-04-30 15:56:06.174  INFO 9994 --- [de.klinger.adw.JRegatta.main()] s.w.s.m.m.a.RequestMappingHandlerMapping : Mapped "{[/results/{id}],methods=[GET]}" onto public de.klinger.adw.domain.Result de.klinger.adw.controller.ResultController.getOne(java.lang.String)
2016-04-30 15:56:06.175  INFO 9994 --- [de.klinger.adw.JRegatta.main()] s.w.s.m.m.a.RequestMappingHandlerMapping : Mapped "{[/results],methods=[GET]}" onto public java.util.List<de.klinger.adw.domain.Result> de.klinger.adw.controller.ResultController.getAll()
2016-04-30 15:56:06.176  INFO 9994 --- [de.klinger.adw.JRegatta.main()] s.w.s.m.m.a.RequestMappingHandlerMapping : Mapped "{[/results/{id}],methods=[PUT]}" onto public de.klinger.adw.domain.Result de.klinger.adw.controller.ResultController.update(java.lang.String,de.klinger.adw.domain.Result)
2016-04-30 15:56:06.176  INFO 9994 --- [de.klinger.adw.JRegatta.main()] s.w.s.m.m.a.RequestMappingHandlerMapping : Mapped "{[/results/{id}],methods=[DELETE]}" onto public void de.klinger.adw.controller.ResultController.delete(java.lang.String)
2016-04-30 15:56:06.177  INFO 9994 --- [de.klinger.adw.JRegatta.main()] s.w.s.m.m.a.RequestMappingHandlerMapping : Mapped "{[/results],methods=[POST]}" onto public de.klinger.adw.domain.Result de.klinger.adw.controller.ResultController.create(de.klinger.adw.domain.Result)
2016-04-30 15:56:06.180  INFO 9994 --- [de.klinger.adw.JRegatta.main()] s.w.s.m.m.a.RequestMappingHandlerMapping : Mapped "{[/regattas/{id}],methods=[GET]}" onto public de.klinger.adw.domain.Regatta de.klinger.adw.controller.RegattaController.getOne(java.lang.String)
2016-04-30 15:56:06.181  INFO 9994 --- [de.klinger.adw.JRegatta.main()] s.w.s.m.m.a.RequestMappingHandlerMapping : Mapped "{[/regattas],methods=[GET]}" onto public java.util.List<de.klinger.adw.domain.Regatta> de.klinger.adw.controller.RegattaController.getAll()
2016-04-30 15:56:06.182  INFO 9994 --- [de.klinger.adw.JRegatta.main()] s.w.s.m.m.a.RequestMappingHandlerMapping : Mapped "{[/regattas/{id}],methods=[PUT]}" onto public de.klinger.adw.domain.Regatta de.klinger.adw.controller.RegattaController.update(java.lang.String,de.klinger.adw.domain.Regatta)
2016-04-30 15:56:06.183  INFO 9994 --- [de.klinger.adw.JRegatta.main()] s.w.s.m.m.a.RequestMappingHandlerMapping : Mapped "{[/regattas/{id}],methods=[DELETE]}" onto public void de.klinger.adw.controller.RegattaController.delete(java.lang.String)
2016-04-30 15:56:06.183  INFO 9994 --- [de.klinger.adw.JRegatta.main()] s.w.s.m.m.a.RequestMappingHandlerMapping : Mapped "{[/regattas],methods=[POST]}" onto public de.klinger.adw.domain.Regatta de.klinger.adw.controller.RegattaController.create(de.klinger.adw.domain.Regatta)
2016-04-30 15:56:06.200  INFO 9994 --- [de.klinger.adw.JRegatta.main()] s.w.s.m.m.a.RequestMappingHandlerMapping : Mapped "{[/error],produces=[text/html]}" onto public org.springframework.web.servlet.ModelAndView org.springframework.boot.autoconfigure.web.BasicErrorController.errorHtml(javax.servlet.http.HttpServletRequest,javax.servlet.http.HttpServletResponse)
2016-04-30 15:56:06.204  INFO 9994 --- [de.klinger.adw.JRegatta.main()] s.w.s.m.m.a.RequestMappingHandlerMapping : Mapped "{[/error]}" onto public org.springframework.http.ResponseEntity<java.util.Map<java.lang.String, java.lang.Object>> org.springframework.boot.autoconfigure.web.BasicErrorController.error(javax.servlet.http.HttpServletRequest)
2016-04-30 15:56:06.215  INFO 9994 --- [de.klinger.adw.JRegatta.main()] o.s.w.s.c.a.WebMvcConfigurerAdapter      : Adding welcome page: class path resource [static/index.html]
2016-04-30 15:56:06.253  INFO 9994 --- [de.klinger.adw.JRegatta.main()] o.s.w.s.handler.SimpleUrlHandlerMapping  : Root mapping to handler of type [class org.springframework.web.servlet.mvc.ParameterizableViewController]
2016-04-30 15:56:06.276  INFO 9994 --- [de.klinger.adw.JRegatta.main()] o.s.w.s.handler.SimpleUrlHandlerMapping  : Mapped URL path [/webjars/**] onto handler of type [class org.springframework.web.servlet.resource.ResourceHttpRequestHandler]
2016-04-30 15:56:06.290  INFO 9994 --- [de.klinger.adw.JRegatta.main()] o.s.w.s.handler.SimpleUrlHandlerMapping  : Mapped URL path [/**] onto handler of type [class org.springframework.web.servlet.resource.ResourceHttpRequestHandler]
2016-04-30 15:56:06.396  INFO 9994 --- [de.klinger.adw.JRegatta.main()] o.s.w.s.handler.SimpleUrlHandlerMapping  : Mapped URL path [/**/favicon.ico] onto handler of type [class org.springframework.web.servlet.resource.ResourceHttpRequestHandler]
2016-04-30 15:56:06.843  INFO 9994 --- [de.klinger.adw.JRegatta.main()] o.s.j.e.a.AnnotationMBeanExporter        : Registering beans for JMX exposure on startup
2016-04-30 15:56:07.006  INFO 9994 --- [de.klinger.adw.JRegatta.main()] s.b.c.e.t.TomcatEmbeddedServletContainer : Tomcat started on port(s): 8080 (http)
2016-04-30 15:56:07.016  INFO 9994 --- [de.klinger.adw.JRegatta.main()] de.klinger.adw.JRegatta                  : Started JRegatta in 14.964 seconds (JVM running for 25.735)
2016-04-30 15:56:17.003  INFO 9994 --- [http-nio-8080-exec-1] o.a.c.c.C.[Tomcat].[localhost].[/]       : Initializing Spring FrameworkServlet 'dispatcherServlet'
2016-04-30 15:56:17.004  INFO 9994 --- [http-nio-8080-exec-1] o.s.web.servlet.DispatcherServlet        : FrameworkServlet 'dispatcherServlet': initialization started
2016-04-30 15:56:17.076  INFO 9994 --- [http-nio-8080-exec-1] o.s.web.servlet.DispatcherServlet        : FrameworkServlet 'dispatcherServlet': initialization completed in 71 ms
2016-04-30 15:57:13.253  INFO 9994 --- [Thread-3] ationConfigEmbeddedWebApplicationContext : Closing org.springframework.boot.context.embedded.AnnotationConfigEmbeddedWebApplicationContext@1ce65437: startup date [Sat Apr 30 15:55:53 CEST 2016]; root of context hierarchy
2016-04-30 15:57:13.281  INFO 9994 --- [Thread-3] o.s.j.e.a.AnnotationMBeanExporter        : Unregistering JMX-exposed beans on shutdown
2016-04-30 15:57:13.305  INFO 9994 --- [Thread-3] j.LocalContainerEntityManagerFactoryBean : Closing JPA EntityManagerFactory for persistence unit 'default'
